<?xml version="1.0" encoding="UTF-8"?>
<testsuite xmlns:xsi="http://www.w3.org/2001/XMLSchema-instance" xsi:noNamespaceSchemaLocation="https://maven.apache.org/surefire/maven-surefire-plugin/xsd/surefire-test-report.xsd" name="com.baz.wizeline.javamaven.configuration.KafkaConfigurationTest" time="0.394" tests="2" errors="0" skipped="0" failures="0">
  <properties>
    <property name="sun.desktop" value="windows"/>
    <property name="awt.toolkit" value="sun.awt.windows.WToolkit"/>
    <property name="java.specification.version" value="11"/>
    <property name="sun.cpu.isalist" value="amd64"/>
    <property name="sun.jnu.encoding" value="Cp1252"/>
    <property name="java.class.path" value="E:\Users\B304940\IdeaProjects\java-maven\target\test-classes;E:\Users\B304940\IdeaProjects\java-maven\target\classes;E:\Users\B304940\.m2\repository\org\springframework\boot\spring-boot-starter\2.7.4\spring-boot-starter-2.7.4.jar;E:\Users\B304940\.m2\repository\org\springframework\boot\spring-boot\2.7.4\spring-boot-2.7.4.jar;E:\Users\B304940\.m2\repository\org\springframework\boot\spring-boot-autoconfigure\2.7.4\spring-boot-autoconfigure-2.7.4.jar;E:\Users\B304940\.m2\repository\org\springframework\boot\spring-boot-starter-logging\2.7.4\spring-boot-starter-logging-2.7.4.jar;E:\Users\B304940\.m2\repository\ch\qos\logback\logback-classic\1.2.11\logback-classic-1.2.11.jar;E:\Users\B304940\.m2\repository\ch\qos\logback\logback-core\1.2.11\logback-core-1.2.11.jar;E:\Users\B304940\.m2\repository\org\apache\logging\log4j\log4j-to-slf4j\2.17.2\log4j-to-slf4j-2.17.2.jar;E:\Users\B304940\.m2\repository\org\apache\logging\log4j\log4j-api\2.17.2\log4j-api-2.17.2.jar;E:\Users\B304940\.m2\repository\org\slf4j\jul-to-slf4j\1.7.36\jul-to-slf4j-1.7.36.jar;E:\Users\B304940\.m2\repository\jakarta\annotation\jakarta.annotation-api\1.3.5\jakarta.annotation-api-1.3.5.jar;E:\Users\B304940\.m2\repository\org\springframework\spring-core\5.3.23\spring-core-5.3.23.jar;E:\Users\B304940\.m2\repository\org\springframework\spring-jcl\5.3.23\spring-jcl-5.3.23.jar;E:\Users\B304940\.m2\repository\org\yaml\snakeyaml\1.30\snakeyaml-1.30.jar;E:\Users\B304940\.m2\repository\com\vaadin\external\google\android-json\0.0.20131108.vaadin1\android-json-0.0.20131108.vaadin1.jar;E:\Users\B304940\.m2\repository\org\json\json\20220924\json-20220924.jar;E:\Users\B304940\.m2\repository\com\fasterxml\jackson\core\jackson-databind\2.13.4\jackson-databind-2.13.4.jar;E:\Users\B304940\.m2\repository\com\fasterxml\jackson\core\jackson-annotations\2.13.4\jackson-annotations-2.13.4.jar;E:\Users\B304940\.m2\repository\com\fasterxml\jackson\core\jackson-core\2.13.4\jackson-core-2.13.4.jar;E:\Users\B304940\.m2\repository\org\springframework\boot\spring-boot-starter-validation\2.7.4\spring-boot-starter-validation-2.7.4.jar;E:\Users\B304940\.m2\repository\org\apache\tomcat\embed\tomcat-embed-el\9.0.65\tomcat-embed-el-9.0.65.jar;E:\Users\B304940\.m2\repository\org\hibernate\validator\hibernate-validator\6.2.5.Final\hibernate-validator-6.2.5.Final.jar;E:\Users\B304940\.m2\repository\jakarta\validation\jakarta.validation-api\2.0.2\jakarta.validation-api-2.0.2.jar;E:\Users\B304940\.m2\repository\org\jboss\logging\jboss-logging\3.4.3.Final\jboss-logging-3.4.3.Final.jar;E:\Users\B304940\.m2\repository\com\fasterxml\classmate\1.5.1\classmate-1.5.1.jar;E:\Users\B304940\.m2\repository\org\springframework\boot\spring-boot-starter-data-rest\2.7.4\spring-boot-starter-data-rest-2.7.4.jar;E:\Users\B304940\.m2\repository\org\springframework\data\spring-data-rest-webmvc\3.7.3\spring-data-rest-webmvc-3.7.3.jar;E:\Users\B304940\.m2\repository\org\springframework\data\spring-data-rest-core\3.7.3\spring-data-rest-core-3.7.3.jar;E:\Users\B304940\.m2\repository\org\springframework\hateoas\spring-hateoas\1.5.2\spring-hateoas-1.5.2.jar;E:\Users\B304940\.m2\repository\org\springframework\plugin\spring-plugin-core\2.0.0.RELEASE\spring-plugin-core-2.0.0.RELEASE.jar;E:\Users\B304940\.m2\repository\org\atteo\evo-inflector\1.3\evo-inflector-1.3.jar;E:\Users\B304940\.m2\repository\org\springframework\cloud\spring-cloud-starter-openfeign\3.1.4\spring-cloud-starter-openfeign-3.1.4.jar;E:\Users\B304940\.m2\repository\org\springframework\cloud\spring-cloud-starter\3.1.4\spring-cloud-starter-3.1.4.jar;E:\Users\B304940\.m2\repository\org\springframework\cloud\spring-cloud-context\3.1.4\spring-cloud-context-3.1.4.jar;E:\Users\B304940\.m2\repository\org\springframework\security\spring-security-rsa\1.0.11.RELEASE\spring-security-rsa-1.0.11.RELEASE.jar;E:\Users\B304940\.m2\repository\org\bouncycastle\bcpkix-jdk15on\1.69\bcpkix-jdk15on-1.69.jar;E:\Users\B304940\.m2\repository\org\bouncycastle\bcprov-jdk15on\1.69\bcprov-jdk15on-1.69.jar;E:\Users\B304940\.m2\repository\org\bouncycastle\bcutil-jdk15on\1.69\bcutil-jdk15on-1.69.jar;E:\Users\B304940\.m2\repository\org\springframework\cloud\spring-cloud-openfeign-core\3.1.4\spring-cloud-openfeign-core-3.1.4.jar;E:\Users\B304940\.m2\repository\io\github\openfeign\form\feign-form-spring\3.8.0\feign-form-spring-3.8.0.jar;E:\Users\B304940\.m2\repository\io\github\openfeign\form\feign-form\3.8.0\feign-form-3.8.0.jar;E:\Users\B304940\.m2\repository\commons-fileupload\commons-fileupload\1.4\commons-fileupload-1.4.jar;E:\Users\B304940\.m2\repository\org\springframework\spring-web\5.3.23\spring-web-5.3.23.jar;E:\Users\B304940\.m2\repository\org\springframework\cloud\spring-cloud-commons\3.1.4\spring-cloud-commons-3.1.4.jar;E:\Users\B304940\.m2\repository\org\springframework\security\spring-security-crypto\5.7.3\spring-security-crypto-5.7.3.jar;E:\Users\B304940\.m2\repository\io\github\openfeign\feign-core\11.8\feign-core-11.8.jar;E:\Users\B304940\.m2\repository\io\github\openfeign\feign-slf4j\11.8\feign-slf4j-11.8.jar;E:\Users\B304940\.m2\repository\org\springframework\kafka\spring-kafka\2.8.9\spring-kafka-2.8.9.jar;E:\Users\B304940\.m2\repository\org\springframework\spring-context\5.3.23\spring-context-5.3.23.jar;E:\Users\B304940\.m2\repository\org\springframework\spring-aop\5.3.23\spring-aop-5.3.23.jar;E:\Users\B304940\.m2\repository\org\springframework\spring-messaging\5.3.23\spring-messaging-5.3.23.jar;E:\Users\B304940\.m2\repository\org\springframework\spring-tx\5.3.23\spring-tx-5.3.23.jar;E:\Users\B304940\.m2\repository\org\springframework\retry\spring-retry\1.3.3\spring-retry-1.3.3.jar;E:\Users\B304940\.m2\repository\org\apache\kafka\kafka-clients\3.1.2\kafka-clients-3.1.2.jar;E:\Users\B304940\.m2\repository\com\github\luben\zstd-jni\1.5.0-4\zstd-jni-1.5.0-4.jar;E:\Users\B304940\.m2\repository\org\lz4\lz4-java\1.8.0\lz4-java-1.8.0.jar;E:\Users\B304940\.m2\repository\org\xerial\snappy\snappy-java\1.1.8.4\snappy-java-1.1.8.4.jar;E:\Users\B304940\.m2\repository\com\google\code\findbugs\jsr305\3.0.2\jsr305-3.0.2.jar;E:\Users\B304940\.m2\repository\org\springframework\kafka\spring-kafka-test\2.8.9\spring-kafka-test-2.8.9.jar;E:\Users\B304940\.m2\repository\org\springframework\spring-test\5.3.23\spring-test-5.3.23.jar;E:\Users\B304940\.m2\repository\org\apache\zookeeper\zookeeper\3.6.3\zookeeper-3.6.3.jar;E:\Users\B304940\.m2\repository\org\apache\zookeeper\zookeeper-jute\3.6.3\zookeeper-jute-3.6.3.jar;E:\Users\B304940\.m2\repository\org\apache\yetus\audience-annotations\0.5.0\audience-annotations-0.5.0.jar;E:\Users\B304940\.m2\repository\io\netty\netty-handler\4.1.82.Final\netty-handler-4.1.82.Final.jar;E:\Users\B304940\.m2\repository\io\netty\netty-common\4.1.82.Final\netty-common-4.1.82.Final.jar;E:\Users\B304940\.m2\repository\io\netty\netty-resolver\4.1.82.Final\netty-resolver-4.1.82.Final.jar;E:\Users\B304940\.m2\repository\io\netty\netty-buffer\4.1.82.Final\netty-buffer-4.1.82.Final.jar;E:\Users\B304940\.m2\repository\io\netty\netty-transport\4.1.82.Final\netty-transport-4.1.82.Final.jar;E:\Users\B304940\.m2\repository\io\netty\netty-transport-native-unix-common\4.1.82.Final\netty-transport-native-unix-common-4.1.82.Final.jar;E:\Users\B304940\.m2\repository\io\netty\netty-codec\4.1.82.Final\netty-codec-4.1.82.Final.jar;E:\Users\B304940\.m2\repository\io\netty\netty-transport-native-epoll\4.1.82.Final\netty-transport-native-epoll-4.1.82.Final.jar;E:\Users\B304940\.m2\repository\io\netty\netty-transport-classes-epoll\4.1.82.Final\netty-transport-classes-epoll-4.1.82.Final.jar;E:\Users\B304940\.m2\repository\org\apache\kafka\kafka-clients\3.1.2\kafka-clients-3.1.2-test.jar;E:\Users\B304940\.m2\repository\org\apache\kafka\kafka-metadata\3.1.2\kafka-metadata-3.1.2.jar;E:\Users\B304940\.m2\repository\org\apache\kafka\kafka-server-common\3.1.2\kafka-server-common-3.1.2.jar;E:\Users\B304940\.m2\repository\org\apache\kafka\kafka-raft\3.1.2\kafka-raft-3.1.2.jar;E:\Users\B304940\.m2\repository\com\fasterxml\jackson\datatype\jackson-datatype-jdk8\2.13.4\jackson-datatype-jdk8-2.13.4.jar;E:\Users\B304940\.m2\repository\com\yammer\metrics\metrics-core\2.2.0\metrics-core-2.2.0.jar;E:\Users\B304940\.m2\repository\org\apache\kafka\kafka-streams-test-utils\3.1.2\kafka-streams-test-utils-3.1.2.jar;E:\Users\B304940\.m2\repository\org\apache\kafka\kafka-streams\3.1.2\kafka-streams-3.1.2.jar;E:\Users\B304940\.m2\repository\org\rocksdb\rocksdbjni\6.22.1.1\rocksdbjni-6.22.1.1.jar;E:\Users\B304940\.m2\repository\org\apache\kafka\kafka_2.13\3.1.2\kafka_2.13-3.1.2.jar;E:\Users\B304940\.m2\repository\org\scala-lang\scala-library\2.13.6\scala-library-2.13.6.jar;E:\Users\B304940\.m2\repository\org\apache\kafka\kafka-storage\3.1.2\kafka-storage-3.1.2.jar;E:\Users\B304940\.m2\repository\org\apache\kafka\kafka-storage-api\3.1.2\kafka-storage-api-3.1.2.jar;E:\Users\B304940\.m2\repository\net\sourceforge\argparse4j\argparse4j\0.7.0\argparse4j-0.7.0.jar;E:\Users\B304940\.m2\repository\com\fasterxml\jackson\module\jackson-module-scala_2.13\2.13.4\jackson-module-scala_2.13-2.13.4.jar;E:\Users\B304940\.m2\repository\com\thoughtworks\paranamer\paranamer\2.8\paranamer-2.8.jar;E:\Users\B304940\.m2\repository\com\fasterxml\jackson\dataformat\jackson-dataformat-csv\2.13.4\jackson-dataformat-csv-2.13.4.jar;E:\Users\B304940\.m2\repository\net\sf\jopt-simple\jopt-simple\5.0.4\jopt-simple-5.0.4.jar;E:\Users\B304940\.m2\repository\org\bitbucket\b_c\jose4j\0.7.8\jose4j-0.7.8.jar;E:\Users\B304940\.m2\repository\org\scala-lang\modules\scala-collection-compat_2.13\2.4.4\scala-collection-compat_2.13-2.4.4.jar;E:\Users\B304940\.m2\repository\org\scala-lang\modules\scala-java8-compat_2.13\1.0.0\scala-java8-compat_2.13-1.0.0.jar;E:\Users\B304940\.m2\repository\org\scala-lang\scala-reflect\2.13.6\scala-reflect-2.13.6.jar;E:\Users\B304940\.m2\repository\com\typesafe\scala-logging\scala-logging_2.13\3.9.3\scala-logging_2.13-3.9.3.jar;E:\Users\B304940\.m2\repository\io\dropwizard\metrics\metrics-core\4.2.12\metrics-core-4.2.12.jar;E:\Users\B304940\.m2\repository\commons-cli\commons-cli\1.4\commons-cli-1.4.jar;E:\Users\B304940\.m2\repository\org\apache\kafka\kafka_2.13\3.1.2\kafka_2.13-3.1.2-test.jar;E:\Users\B304940\.m2\repository\org\junit\jupiter\junit-jupiter-api\5.8.2\junit-jupiter-api-5.8.2.jar;E:\Users\B304940\.m2\repository\org\opentest4j\opentest4j\1.2.0\opentest4j-1.2.0.jar;E:\Users\B304940\.m2\repository\org\junit\platform\junit-platform-commons\1.8.2\junit-platform-commons-1.8.2.jar;E:\Users\B304940\.m2\repository\org\apiguardian\apiguardian-api\1.1.2\apiguardian-api-1.1.2.jar;E:\Users\B304940\.m2\repository\org\junit\jupiter\junit-jupiter\5.9.1\junit-jupiter-5.9.1.jar;E:\Users\B304940\.m2\repository\org\junit\jupiter\junit-jupiter-params\5.8.2\junit-jupiter-params-5.8.2.jar;E:\Users\B304940\.m2\repository\org\junit\jupiter\junit-jupiter-engine\5.8.2\junit-jupiter-engine-5.8.2.jar;E:\Users\B304940\.m2\repository\org\junit\platform\junit-platform-engine\1.8.2\junit-platform-engine-1.8.2.jar;E:\Users\B304940\.m2\repository\org\assertj\assertj-core\3.23.1\assertj-core-3.23.1.jar;E:\Users\B304940\.m2\repository\net\bytebuddy\byte-buddy\1.12.17\byte-buddy-1.12.17.jar;E:\Users\B304940\.m2\repository\org\mockito\mockito-core\4.8.0\mockito-core-4.8.0.jar;E:\Users\B304940\.m2\repository\net\bytebuddy\byte-buddy-agent\1.12.17\byte-buddy-agent-1.12.17.jar;E:\Users\B304940\.m2\repository\org\objenesis\objenesis\3.2\objenesis-3.2.jar;E:\Users\B304940\.m2\repository\org\mockito\mockito-junit-jupiter\4.8.0\mockito-junit-jupiter-4.8.0.jar;E:\Users\B304940\.m2\repository\org\springframework\boot\spring-boot-starter-data-jpa\2.7.4\spring-boot-starter-data-jpa-2.7.4.jar;E:\Users\B304940\.m2\repository\org\springframework\boot\spring-boot-starter-aop\2.7.4\spring-boot-starter-aop-2.7.4.jar;E:\Users\B304940\.m2\repository\org\aspectj\aspectjweaver\1.9.7\aspectjweaver-1.9.7.jar;E:\Users\B304940\.m2\repository\org\springframework\boot\spring-boot-starter-jdbc\2.7.4\spring-boot-starter-jdbc-2.7.4.jar;E:\Users\B304940\.m2\repository\com\zaxxer\HikariCP\4.0.3\HikariCP-4.0.3.jar;E:\Users\B304940\.m2\repository\org\springframework\spring-jdbc\5.3.23\spring-jdbc-5.3.23.jar;E:\Users\B304940\.m2\repository\jakarta\transaction\jakarta.transaction-api\1.3.3\jakarta.transaction-api-1.3.3.jar;E:\Users\B304940\.m2\repository\jakarta\persistence\jakarta.persistence-api\2.2.3\jakarta.persistence-api-2.2.3.jar;E:\Users\B304940\.m2\repository\org\hibernate\hibernate-core\5.6.11.Final\hibernate-core-5.6.11.Final.jar;E:\Users\B304940\.m2\repository\antlr\antlr\2.7.7\antlr-2.7.7.jar;E:\Users\B304940\.m2\repository\org\jboss\jandex\2.4.2.Final\jandex-2.4.2.Final.jar;E:\Users\B304940\.m2\repository\org\hibernate\common\hibernate-commons-annotations\5.1.2.Final\hibernate-commons-annotations-5.1.2.Final.jar;E:\Users\B304940\.m2\repository\org\glassfish\jaxb\jaxb-runtime\2.3.6\jaxb-runtime-2.3.6.jar;E:\Users\B304940\.m2\repository\org\glassfish\jaxb\txw2\2.3.6\txw2-2.3.6.jar;E:\Users\B304940\.m2\repository\com\sun\istack\istack-commons-runtime\3.0.12\istack-commons-runtime-3.0.12.jar;E:\Users\B304940\.m2\repository\com\sun\activation\jakarta.activation\1.2.2\jakarta.activation-1.2.2.jar;E:\Users\B304940\.m2\repository\org\springframework\data\spring-data-jpa\2.7.3\spring-data-jpa-2.7.3.jar;E:\Users\B304940\.m2\repository\org\springframework\spring-orm\5.3.23\spring-orm-5.3.23.jar;E:\Users\B304940\.m2\repository\org\springframework\spring-aspects\5.3.23\spring-aspects-5.3.23.jar;E:\Users\B304940\.m2\repository\org\springframework\boot\spring-boot-starter-data-mongodb\2.7.4\spring-boot-starter-data-mongodb-2.7.4.jar;E:\Users\B304940\.m2\repository\org\mongodb\mongodb-driver-sync\4.6.1\mongodb-driver-sync-4.6.1.jar;E:\Users\B304940\.m2\repository\org\mongodb\bson\4.6.1\bson-4.6.1.jar;E:\Users\B304940\.m2\repository\org\springframework\boot\spring-boot-starter-web\2.7.4\spring-boot-starter-web-2.7.4.jar;E:\Users\B304940\.m2\repository\org\springframework\boot\spring-boot-starter-json\2.7.4\spring-boot-starter-json-2.7.4.jar;E:\Users\B304940\.m2\repository\com\fasterxml\jackson\datatype\jackson-datatype-jsr310\2.13.4\jackson-datatype-jsr310-2.13.4.jar;E:\Users\B304940\.m2\repository\com\fasterxml\jackson\module\jackson-module-parameter-names\2.13.4\jackson-module-parameter-names-2.13.4.jar;E:\Users\B304940\.m2\repository\org\springframework\boot\spring-boot-starter-tomcat\2.7.4\spring-boot-starter-tomcat-2.7.4.jar;E:\Users\B304940\.m2\repository\org\apache\tomcat\embed\tomcat-embed-core\9.0.65\tomcat-embed-core-9.0.65.jar;E:\Users\B304940\.m2\repository\org\apache\tomcat\embed\tomcat-embed-websocket\9.0.65\tomcat-embed-websocket-9.0.65.jar;E:\Users\B304940\.m2\repository\org\springframework\spring-webmvc\5.3.23\spring-webmvc-5.3.23.jar;E:\Users\B304940\.m2\repository\org\springframework\boot\spring-boot-starter-test\2.7.4\spring-boot-starter-test-2.7.4.jar;E:\Users\B304940\.m2\repository\org\springframework\boot\spring-boot-test\2.7.4\spring-boot-test-2.7.4.jar;E:\Users\B304940\.m2\repository\org\springframework\boot\spring-boot-test-autoconfigure\2.7.4\spring-boot-test-autoconfigure-2.7.4.jar;E:\Users\B304940\.m2\repository\com\jayway\jsonpath\json-path\2.7.0\json-path-2.7.0.jar;E:\Users\B304940\.m2\repository\net\minidev\json-smart\2.4.8\json-smart-2.4.8.jar;E:\Users\B304940\.m2\repository\net\minidev\accessors-smart\2.4.8\accessors-smart-2.4.8.jar;E:\Users\B304940\.m2\repository\org\ow2\asm\asm\9.1\asm-9.1.jar;E:\Users\B304940\.m2\repository\jakarta\xml\bind\jakarta.xml.bind-api\2.3.3\jakarta.xml.bind-api-2.3.3.jar;E:\Users\B304940\.m2\repository\jakarta\activation\jakarta.activation-api\1.2.2\jakarta.activation-api-1.2.2.jar;E:\Users\B304940\.m2\repository\org\hamcrest\hamcrest\2.2\hamcrest-2.2.jar;E:\Users\B304940\.m2\repository\org\xmlunit\xmlunit-core\2.9.0\xmlunit-core-2.9.0.jar;E:\Users\B304940\.m2\repository\org\springframework\data\spring-data-mongodb\3.0.3.RELEASE\spring-data-mongodb-3.0.3.RELEASE.jar;E:\Users\B304940\.m2\repository\org\springframework\spring-beans\5.3.23\spring-beans-5.3.23.jar;E:\Users\B304940\.m2\repository\org\springframework\spring-expression\5.3.23\spring-expression-5.3.23.jar;E:\Users\B304940\.m2\repository\org\springframework\data\spring-data-commons\2.7.3\spring-data-commons-2.7.3.jar;E:\Users\B304940\.m2\repository\org\mongodb\mongodb-driver-core\4.6.1\mongodb-driver-core-4.6.1.jar;E:\Users\B304940\.m2\repository\org\mongodb\bson-record-codec\4.6.1\bson-record-codec-4.6.1.jar;E:\Users\B304940\.m2\repository\org\slf4j\slf4j-api\1.7.36\slf4j-api-1.7.36.jar;E:\Users\B304940\.m2\repository\com\h2database\h2\1.3.156\h2-1.3.156.jar;E:\Users\B304940\.m2\repository\javax\xml\bind\jaxb-api\2.3.0\jaxb-api-2.3.0.jar;E:\Users\B304940\.m2\repository\org\projectlombok\lombok\1.18.24\lombok-1.18.24.jar;E:\Users\B304940\.m2\repository\junit\junit\4.12\junit-4.12.jar;E:\Users\B304940\.m2\repository\org\hamcrest\hamcrest-core\2.2\hamcrest-core-2.2.jar;E:\Users\B304940\.m2\repository\org\skyscreamer\jsonassert\1.5.0\jsonassert-1.5.0.jar;E:\Users\B304940\.m2\repository\de\flapdoodle\embed\de.flapdoodle.embed.mongo\3.4.9\de.flapdoodle.embed.mongo-3.4.9.jar;E:\Users\B304940\.m2\repository\de\flapdoodle\embed\de.flapdoodle.embed.process\3.1.15\de.flapdoodle.embed.process-3.1.15.jar;E:\Users\B304940\.m2\repository\de\flapdoodle\de.flapdoodle.os\1.1.12\de.flapdoodle.os-1.1.12.jar;E:\Users\B304940\.m2\repository\org\apache\commons\commons-lang3\3.12.0\commons-lang3-3.12.0.jar;E:\Users\B304940\.m2\repository\org\apache\commons\commons-compress\1.21\commons-compress-1.21.jar;E:\Users\B304940\.m2\repository\net\java\dev\jna\jna\5.12.1\jna-5.12.1.jar;E:\Users\B304940\.m2\repository\net\java\dev\jna\jna-platform\5.12.1\jna-platform-5.12.1.jar;E:\Users\B304940\.m2\repository\de\flapdoodle\embed\de.flapdoodle.embed.mongo.packageresolver\1.0.8\de.flapdoodle.embed.mongo.packageresolver-1.0.8.jar;"/>
    <property name="java.vm.vendor" value="Oracle Corporation"/>
    <property name="sun.arch.data.model" value="64"/>
    <property name="user.variant" value=""/>
    <property name="java.vendor.url" value="https://openjdk.java.net/"/>
    <property name="user.timezone" value="America/Mexico_City"/>
    <property name="java.vm.specification.version" value="11"/>
    <property name="os.name" value="Windows 10"/>
    <property name="sun.java.launcher" value="SUN_STANDARD"/>
    <property name="user.country" value="MX"/>
    <property name="sun.boot.library.path" value="C:\Program Files\Java\jdk-11.0.16\bin"/>
    <property name="sun.java.command" value="E:\Users\B304940\AppData\Local\Temp\surefire7705785834349173488\surefirebooter17492641618842145811.jar E:\Users\B304940\AppData\Local\Temp\surefire7705785834349173488 2022-10-24T14-38-14_716-jvmRun1 surefire10169136307792665647tmp surefire_06199333222577858492tmp"/>
    <property name="jdk.debug" value="release"/>
    <property name="surefire.test.class.path" value="E:\Users\B304940\IdeaProjects\java-maven\target\test-classes;E:\Users\B304940\IdeaProjects\java-maven\target\classes;E:\Users\B304940\.m2\repository\org\springframework\boot\spring-boot-starter\2.7.4\spring-boot-starter-2.7.4.jar;E:\Users\B304940\.m2\repository\org\springframework\boot\spring-boot\2.7.4\spring-boot-2.7.4.jar;E:\Users\B304940\.m2\repository\org\springframework\boot\spring-boot-autoconfigure\2.7.4\spring-boot-autoconfigure-2.7.4.jar;E:\Users\B304940\.m2\repository\org\springframework\boot\spring-boot-starter-logging\2.7.4\spring-boot-starter-logging-2.7.4.jar;E:\Users\B304940\.m2\repository\ch\qos\logback\logback-classic\1.2.11\logback-classic-1.2.11.jar;E:\Users\B304940\.m2\repository\ch\qos\logback\logback-core\1.2.11\logback-core-1.2.11.jar;E:\Users\B304940\.m2\repository\org\apache\logging\log4j\log4j-to-slf4j\2.17.2\log4j-to-slf4j-2.17.2.jar;E:\Users\B304940\.m2\repository\org\apache\logging\log4j\log4j-api\2.17.2\log4j-api-2.17.2.jar;E:\Users\B304940\.m2\repository\org\slf4j\jul-to-slf4j\1.7.36\jul-to-slf4j-1.7.36.jar;E:\Users\B304940\.m2\repository\jakarta\annotation\jakarta.annotation-api\1.3.5\jakarta.annotation-api-1.3.5.jar;E:\Users\B304940\.m2\repository\org\springframework\spring-core\5.3.23\spring-core-5.3.23.jar;E:\Users\B304940\.m2\repository\org\springframework\spring-jcl\5.3.23\spring-jcl-5.3.23.jar;E:\Users\B304940\.m2\repository\org\yaml\snakeyaml\1.30\snakeyaml-1.30.jar;E:\Users\B304940\.m2\repository\com\vaadin\external\google\android-json\0.0.20131108.vaadin1\android-json-0.0.20131108.vaadin1.jar;E:\Users\B304940\.m2\repository\org\json\json\20220924\json-20220924.jar;E:\Users\B304940\.m2\repository\com\fasterxml\jackson\core\jackson-databind\2.13.4\jackson-databind-2.13.4.jar;E:\Users\B304940\.m2\repository\com\fasterxml\jackson\core\jackson-annotations\2.13.4\jackson-annotations-2.13.4.jar;E:\Users\B304940\.m2\repository\com\fasterxml\jackson\core\jackson-core\2.13.4\jackson-core-2.13.4.jar;E:\Users\B304940\.m2\repository\org\springframework\boot\spring-boot-starter-validation\2.7.4\spring-boot-starter-validation-2.7.4.jar;E:\Users\B304940\.m2\repository\org\apache\tomcat\embed\tomcat-embed-el\9.0.65\tomcat-embed-el-9.0.65.jar;E:\Users\B304940\.m2\repository\org\hibernate\validator\hibernate-validator\6.2.5.Final\hibernate-validator-6.2.5.Final.jar;E:\Users\B304940\.m2\repository\jakarta\validation\jakarta.validation-api\2.0.2\jakarta.validation-api-2.0.2.jar;E:\Users\B304940\.m2\repository\org\jboss\logging\jboss-logging\3.4.3.Final\jboss-logging-3.4.3.Final.jar;E:\Users\B304940\.m2\repository\com\fasterxml\classmate\1.5.1\classmate-1.5.1.jar;E:\Users\B304940\.m2\repository\org\springframework\boot\spring-boot-starter-data-rest\2.7.4\spring-boot-starter-data-rest-2.7.4.jar;E:\Users\B304940\.m2\repository\org\springframework\data\spring-data-rest-webmvc\3.7.3\spring-data-rest-webmvc-3.7.3.jar;E:\Users\B304940\.m2\repository\org\springframework\data\spring-data-rest-core\3.7.3\spring-data-rest-core-3.7.3.jar;E:\Users\B304940\.m2\repository\org\springframework\hateoas\spring-hateoas\1.5.2\spring-hateoas-1.5.2.jar;E:\Users\B304940\.m2\repository\org\springframework\plugin\spring-plugin-core\2.0.0.RELEASE\spring-plugin-core-2.0.0.RELEASE.jar;E:\Users\B304940\.m2\repository\org\atteo\evo-inflector\1.3\evo-inflector-1.3.jar;E:\Users\B304940\.m2\repository\org\springframework\cloud\spring-cloud-starter-openfeign\3.1.4\spring-cloud-starter-openfeign-3.1.4.jar;E:\Users\B304940\.m2\repository\org\springframework\cloud\spring-cloud-starter\3.1.4\spring-cloud-starter-3.1.4.jar;E:\Users\B304940\.m2\repository\org\springframework\cloud\spring-cloud-context\3.1.4\spring-cloud-context-3.1.4.jar;E:\Users\B304940\.m2\repository\org\springframework\security\spring-security-rsa\1.0.11.RELEASE\spring-security-rsa-1.0.11.RELEASE.jar;E:\Users\B304940\.m2\repository\org\bouncycastle\bcpkix-jdk15on\1.69\bcpkix-jdk15on-1.69.jar;E:\Users\B304940\.m2\repository\org\bouncycastle\bcprov-jdk15on\1.69\bcprov-jdk15on-1.69.jar;E:\Users\B304940\.m2\repository\org\bouncycastle\bcutil-jdk15on\1.69\bcutil-jdk15on-1.69.jar;E:\Users\B304940\.m2\repository\org\springframework\cloud\spring-cloud-openfeign-core\3.1.4\spring-cloud-openfeign-core-3.1.4.jar;E:\Users\B304940\.m2\repository\io\github\openfeign\form\feign-form-spring\3.8.0\feign-form-spring-3.8.0.jar;E:\Users\B304940\.m2\repository\io\github\openfeign\form\feign-form\3.8.0\feign-form-3.8.0.jar;E:\Users\B304940\.m2\repository\commons-fileupload\commons-fileupload\1.4\commons-fileupload-1.4.jar;E:\Users\B304940\.m2\repository\org\springframework\spring-web\5.3.23\spring-web-5.3.23.jar;E:\Users\B304940\.m2\repository\org\springframework\cloud\spring-cloud-commons\3.1.4\spring-cloud-commons-3.1.4.jar;E:\Users\B304940\.m2\repository\org\springframework\security\spring-security-crypto\5.7.3\spring-security-crypto-5.7.3.jar;E:\Users\B304940\.m2\repository\io\github\openfeign\feign-core\11.8\feign-core-11.8.jar;E:\Users\B304940\.m2\repository\io\github\openfeign\feign-slf4j\11.8\feign-slf4j-11.8.jar;E:\Users\B304940\.m2\repository\org\springframework\kafka\spring-kafka\2.8.9\spring-kafka-2.8.9.jar;E:\Users\B304940\.m2\repository\org\springframework\spring-context\5.3.23\spring-context-5.3.23.jar;E:\Users\B304940\.m2\repository\org\springframework\spring-aop\5.3.23\spring-aop-5.3.23.jar;E:\Users\B304940\.m2\repository\org\springframework\spring-messaging\5.3.23\spring-messaging-5.3.23.jar;E:\Users\B304940\.m2\repository\org\springframework\spring-tx\5.3.23\spring-tx-5.3.23.jar;E:\Users\B304940\.m2\repository\org\springframework\retry\spring-retry\1.3.3\spring-retry-1.3.3.jar;E:\Users\B304940\.m2\repository\org\apache\kafka\kafka-clients\3.1.2\kafka-clients-3.1.2.jar;E:\Users\B304940\.m2\repository\com\github\luben\zstd-jni\1.5.0-4\zstd-jni-1.5.0-4.jar;E:\Users\B304940\.m2\repository\org\lz4\lz4-java\1.8.0\lz4-java-1.8.0.jar;E:\Users\B304940\.m2\repository\org\xerial\snappy\snappy-java\1.1.8.4\snappy-java-1.1.8.4.jar;E:\Users\B304940\.m2\repository\com\google\code\findbugs\jsr305\3.0.2\jsr305-3.0.2.jar;E:\Users\B304940\.m2\repository\org\springframework\kafka\spring-kafka-test\2.8.9\spring-kafka-test-2.8.9.jar;E:\Users\B304940\.m2\repository\org\springframework\spring-test\5.3.23\spring-test-5.3.23.jar;E:\Users\B304940\.m2\repository\org\apache\zookeeper\zookeeper\3.6.3\zookeeper-3.6.3.jar;E:\Users\B304940\.m2\repository\org\apache\zookeeper\zookeeper-jute\3.6.3\zookeeper-jute-3.6.3.jar;E:\Users\B304940\.m2\repository\org\apache\yetus\audience-annotations\0.5.0\audience-annotations-0.5.0.jar;E:\Users\B304940\.m2\repository\io\netty\netty-handler\4.1.82.Final\netty-handler-4.1.82.Final.jar;E:\Users\B304940\.m2\repository\io\netty\netty-common\4.1.82.Final\netty-common-4.1.82.Final.jar;E:\Users\B304940\.m2\repository\io\netty\netty-resolver\4.1.82.Final\netty-resolver-4.1.82.Final.jar;E:\Users\B304940\.m2\repository\io\netty\netty-buffer\4.1.82.Final\netty-buffer-4.1.82.Final.jar;E:\Users\B304940\.m2\repository\io\netty\netty-transport\4.1.82.Final\netty-transport-4.1.82.Final.jar;E:\Users\B304940\.m2\repository\io\netty\netty-transport-native-unix-common\4.1.82.Final\netty-transport-native-unix-common-4.1.82.Final.jar;E:\Users\B304940\.m2\repository\io\netty\netty-codec\4.1.82.Final\netty-codec-4.1.82.Final.jar;E:\Users\B304940\.m2\repository\io\netty\netty-transport-native-epoll\4.1.82.Final\netty-transport-native-epoll-4.1.82.Final.jar;E:\Users\B304940\.m2\repository\io\netty\netty-transport-classes-epoll\4.1.82.Final\netty-transport-classes-epoll-4.1.82.Final.jar;E:\Users\B304940\.m2\repository\org\apache\kafka\kafka-clients\3.1.2\kafka-clients-3.1.2-test.jar;E:\Users\B304940\.m2\repository\org\apache\kafka\kafka-metadata\3.1.2\kafka-metadata-3.1.2.jar;E:\Users\B304940\.m2\repository\org\apache\kafka\kafka-server-common\3.1.2\kafka-server-common-3.1.2.jar;E:\Users\B304940\.m2\repository\org\apache\kafka\kafka-raft\3.1.2\kafka-raft-3.1.2.jar;E:\Users\B304940\.m2\repository\com\fasterxml\jackson\datatype\jackson-datatype-jdk8\2.13.4\jackson-datatype-jdk8-2.13.4.jar;E:\Users\B304940\.m2\repository\com\yammer\metrics\metrics-core\2.2.0\metrics-core-2.2.0.jar;E:\Users\B304940\.m2\repository\org\apache\kafka\kafka-streams-test-utils\3.1.2\kafka-streams-test-utils-3.1.2.jar;E:\Users\B304940\.m2\repository\org\apache\kafka\kafka-streams\3.1.2\kafka-streams-3.1.2.jar;E:\Users\B304940\.m2\repository\org\rocksdb\rocksdbjni\6.22.1.1\rocksdbjni-6.22.1.1.jar;E:\Users\B304940\.m2\repository\org\apache\kafka\kafka_2.13\3.1.2\kafka_2.13-3.1.2.jar;E:\Users\B304940\.m2\repository\org\scala-lang\scala-library\2.13.6\scala-library-2.13.6.jar;E:\Users\B304940\.m2\repository\org\apache\kafka\kafka-storage\3.1.2\kafka-storage-3.1.2.jar;E:\Users\B304940\.m2\repository\org\apache\kafka\kafka-storage-api\3.1.2\kafka-storage-api-3.1.2.jar;E:\Users\B304940\.m2\repository\net\sourceforge\argparse4j\argparse4j\0.7.0\argparse4j-0.7.0.jar;E:\Users\B304940\.m2\repository\com\fasterxml\jackson\module\jackson-module-scala_2.13\2.13.4\jackson-module-scala_2.13-2.13.4.jar;E:\Users\B304940\.m2\repository\com\thoughtworks\paranamer\paranamer\2.8\paranamer-2.8.jar;E:\Users\B304940\.m2\repository\com\fasterxml\jackson\dataformat\jackson-dataformat-csv\2.13.4\jackson-dataformat-csv-2.13.4.jar;E:\Users\B304940\.m2\repository\net\sf\jopt-simple\jopt-simple\5.0.4\jopt-simple-5.0.4.jar;E:\Users\B304940\.m2\repository\org\bitbucket\b_c\jose4j\0.7.8\jose4j-0.7.8.jar;E:\Users\B304940\.m2\repository\org\scala-lang\modules\scala-collection-compat_2.13\2.4.4\scala-collection-compat_2.13-2.4.4.jar;E:\Users\B304940\.m2\repository\org\scala-lang\modules\scala-java8-compat_2.13\1.0.0\scala-java8-compat_2.13-1.0.0.jar;E:\Users\B304940\.m2\repository\org\scala-lang\scala-reflect\2.13.6\scala-reflect-2.13.6.jar;E:\Users\B304940\.m2\repository\com\typesafe\scala-logging\scala-logging_2.13\3.9.3\scala-logging_2.13-3.9.3.jar;E:\Users\B304940\.m2\repository\io\dropwizard\metrics\metrics-core\4.2.12\metrics-core-4.2.12.jar;E:\Users\B304940\.m2\repository\commons-cli\commons-cli\1.4\commons-cli-1.4.jar;E:\Users\B304940\.m2\repository\org\apache\kafka\kafka_2.13\3.1.2\kafka_2.13-3.1.2-test.jar;E:\Users\B304940\.m2\repository\org\junit\jupiter\junit-jupiter-api\5.8.2\junit-jupiter-api-5.8.2.jar;E:\Users\B304940\.m2\repository\org\opentest4j\opentest4j\1.2.0\opentest4j-1.2.0.jar;E:\Users\B304940\.m2\repository\org\junit\platform\junit-platform-commons\1.8.2\junit-platform-commons-1.8.2.jar;E:\Users\B304940\.m2\repository\org\apiguardian\apiguardian-api\1.1.2\apiguardian-api-1.1.2.jar;E:\Users\B304940\.m2\repository\org\junit\jupiter\junit-jupiter\5.9.1\junit-jupiter-5.9.1.jar;E:\Users\B304940\.m2\repository\org\junit\jupiter\junit-jupiter-params\5.8.2\junit-jupiter-params-5.8.2.jar;E:\Users\B304940\.m2\repository\org\junit\jupiter\junit-jupiter-engine\5.8.2\junit-jupiter-engine-5.8.2.jar;E:\Users\B304940\.m2\repository\org\junit\platform\junit-platform-engine\1.8.2\junit-platform-engine-1.8.2.jar;E:\Users\B304940\.m2\repository\org\assertj\assertj-core\3.23.1\assertj-core-3.23.1.jar;E:\Users\B304940\.m2\repository\net\bytebuddy\byte-buddy\1.12.17\byte-buddy-1.12.17.jar;E:\Users\B304940\.m2\repository\org\mockito\mockito-core\4.8.0\mockito-core-4.8.0.jar;E:\Users\B304940\.m2\repository\net\bytebuddy\byte-buddy-agent\1.12.17\byte-buddy-agent-1.12.17.jar;E:\Users\B304940\.m2\repository\org\objenesis\objenesis\3.2\objenesis-3.2.jar;E:\Users\B304940\.m2\repository\org\mockito\mockito-junit-jupiter\4.8.0\mockito-junit-jupiter-4.8.0.jar;E:\Users\B304940\.m2\repository\org\springframework\boot\spring-boot-starter-data-jpa\2.7.4\spring-boot-starter-data-jpa-2.7.4.jar;E:\Users\B304940\.m2\repository\org\springframework\boot\spring-boot-starter-aop\2.7.4\spring-boot-starter-aop-2.7.4.jar;E:\Users\B304940\.m2\repository\org\aspectj\aspectjweaver\1.9.7\aspectjweaver-1.9.7.jar;E:\Users\B304940\.m2\repository\org\springframework\boot\spring-boot-starter-jdbc\2.7.4\spring-boot-starter-jdbc-2.7.4.jar;E:\Users\B304940\.m2\repository\com\zaxxer\HikariCP\4.0.3\HikariCP-4.0.3.jar;E:\Users\B304940\.m2\repository\org\springframework\spring-jdbc\5.3.23\spring-jdbc-5.3.23.jar;E:\Users\B304940\.m2\repository\jakarta\transaction\jakarta.transaction-api\1.3.3\jakarta.transaction-api-1.3.3.jar;E:\Users\B304940\.m2\repository\jakarta\persistence\jakarta.persistence-api\2.2.3\jakarta.persistence-api-2.2.3.jar;E:\Users\B304940\.m2\repository\org\hibernate\hibernate-core\5.6.11.Final\hibernate-core-5.6.11.Final.jar;E:\Users\B304940\.m2\repository\antlr\antlr\2.7.7\antlr-2.7.7.jar;E:\Users\B304940\.m2\repository\org\jboss\jandex\2.4.2.Final\jandex-2.4.2.Final.jar;E:\Users\B304940\.m2\repository\org\hibernate\common\hibernate-commons-annotations\5.1.2.Final\hibernate-commons-annotations-5.1.2.Final.jar;E:\Users\B304940\.m2\repository\org\glassfish\jaxb\jaxb-runtime\2.3.6\jaxb-runtime-2.3.6.jar;E:\Users\B304940\.m2\repository\org\glassfish\jaxb\txw2\2.3.6\txw2-2.3.6.jar;E:\Users\B304940\.m2\repository\com\sun\istack\istack-commons-runtime\3.0.12\istack-commons-runtime-3.0.12.jar;E:\Users\B304940\.m2\repository\com\sun\activation\jakarta.activation\1.2.2\jakarta.activation-1.2.2.jar;E:\Users\B304940\.m2\repository\org\springframework\data\spring-data-jpa\2.7.3\spring-data-jpa-2.7.3.jar;E:\Users\B304940\.m2\repository\org\springframework\spring-orm\5.3.23\spring-orm-5.3.23.jar;E:\Users\B304940\.m2\repository\org\springframework\spring-aspects\5.3.23\spring-aspects-5.3.23.jar;E:\Users\B304940\.m2\repository\org\springframework\boot\spring-boot-starter-data-mongodb\2.7.4\spring-boot-starter-data-mongodb-2.7.4.jar;E:\Users\B304940\.m2\repository\org\mongodb\mongodb-driver-sync\4.6.1\mongodb-driver-sync-4.6.1.jar;E:\Users\B304940\.m2\repository\org\mongodb\bson\4.6.1\bson-4.6.1.jar;E:\Users\B304940\.m2\repository\org\springframework\boot\spring-boot-starter-web\2.7.4\spring-boot-starter-web-2.7.4.jar;E:\Users\B304940\.m2\repository\org\springframework\boot\spring-boot-starter-json\2.7.4\spring-boot-starter-json-2.7.4.jar;E:\Users\B304940\.m2\repository\com\fasterxml\jackson\datatype\jackson-datatype-jsr310\2.13.4\jackson-datatype-jsr310-2.13.4.jar;E:\Users\B304940\.m2\repository\com\fasterxml\jackson\module\jackson-module-parameter-names\2.13.4\jackson-module-parameter-names-2.13.4.jar;E:\Users\B304940\.m2\repository\org\springframework\boot\spring-boot-starter-tomcat\2.7.4\spring-boot-starter-tomcat-2.7.4.jar;E:\Users\B304940\.m2\repository\org\apache\tomcat\embed\tomcat-embed-core\9.0.65\tomcat-embed-core-9.0.65.jar;E:\Users\B304940\.m2\repository\org\apache\tomcat\embed\tomcat-embed-websocket\9.0.65\tomcat-embed-websocket-9.0.65.jar;E:\Users\B304940\.m2\repository\org\springframework\spring-webmvc\5.3.23\spring-webmvc-5.3.23.jar;E:\Users\B304940\.m2\repository\org\springframework\boot\spring-boot-starter-test\2.7.4\spring-boot-starter-test-2.7.4.jar;E:\Users\B304940\.m2\repository\org\springframework\boot\spring-boot-test\2.7.4\spring-boot-test-2.7.4.jar;E:\Users\B304940\.m2\repository\org\springframework\boot\spring-boot-test-autoconfigure\2.7.4\spring-boot-test-autoconfigure-2.7.4.jar;E:\Users\B304940\.m2\repository\com\jayway\jsonpath\json-path\2.7.0\json-path-2.7.0.jar;E:\Users\B304940\.m2\repository\net\minidev\json-smart\2.4.8\json-smart-2.4.8.jar;E:\Users\B304940\.m2\repository\net\minidev\accessors-smart\2.4.8\accessors-smart-2.4.8.jar;E:\Users\B304940\.m2\repository\org\ow2\asm\asm\9.1\asm-9.1.jar;E:\Users\B304940\.m2\repository\jakarta\xml\bind\jakarta.xml.bind-api\2.3.3\jakarta.xml.bind-api-2.3.3.jar;E:\Users\B304940\.m2\repository\jakarta\activation\jakarta.activation-api\1.2.2\jakarta.activation-api-1.2.2.jar;E:\Users\B304940\.m2\repository\org\hamcrest\hamcrest\2.2\hamcrest-2.2.jar;E:\Users\B304940\.m2\repository\org\xmlunit\xmlunit-core\2.9.0\xmlunit-core-2.9.0.jar;E:\Users\B304940\.m2\repository\org\springframework\data\spring-data-mongodb\3.0.3.RELEASE\spring-data-mongodb-3.0.3.RELEASE.jar;E:\Users\B304940\.m2\repository\org\springframework\spring-beans\5.3.23\spring-beans-5.3.23.jar;E:\Users\B304940\.m2\repository\org\springframework\spring-expression\5.3.23\spring-expression-5.3.23.jar;E:\Users\B304940\.m2\repository\org\springframework\data\spring-data-commons\2.7.3\spring-data-commons-2.7.3.jar;E:\Users\B304940\.m2\repository\org\mongodb\mongodb-driver-core\4.6.1\mongodb-driver-core-4.6.1.jar;E:\Users\B304940\.m2\repository\org\mongodb\bson-record-codec\4.6.1\bson-record-codec-4.6.1.jar;E:\Users\B304940\.m2\repository\org\slf4j\slf4j-api\1.7.36\slf4j-api-1.7.36.jar;E:\Users\B304940\.m2\repository\com\h2database\h2\1.3.156\h2-1.3.156.jar;E:\Users\B304940\.m2\repository\javax\xml\bind\jaxb-api\2.3.0\jaxb-api-2.3.0.jar;E:\Users\B304940\.m2\repository\org\projectlombok\lombok\1.18.24\lombok-1.18.24.jar;E:\Users\B304940\.m2\repository\junit\junit\4.12\junit-4.12.jar;E:\Users\B304940\.m2\repository\org\hamcrest\hamcrest-core\2.2\hamcrest-core-2.2.jar;E:\Users\B304940\.m2\repository\org\skyscreamer\jsonassert\1.5.0\jsonassert-1.5.0.jar;E:\Users\B304940\.m2\repository\de\flapdoodle\embed\de.flapdoodle.embed.mongo\3.4.9\de.flapdoodle.embed.mongo-3.4.9.jar;E:\Users\B304940\.m2\repository\de\flapdoodle\embed\de.flapdoodle.embed.process\3.1.15\de.flapdoodle.embed.process-3.1.15.jar;E:\Users\B304940\.m2\repository\de\flapdoodle\de.flapdoodle.os\1.1.12\de.flapdoodle.os-1.1.12.jar;E:\Users\B304940\.m2\repository\org\apache\commons\commons-lang3\3.12.0\commons-lang3-3.12.0.jar;E:\Users\B304940\.m2\repository\org\apache\commons\commons-compress\1.21\commons-compress-1.21.jar;E:\Users\B304940\.m2\repository\net\java\dev\jna\jna\5.12.1\jna-5.12.1.jar;E:\Users\B304940\.m2\repository\net\java\dev\jna\jna-platform\5.12.1\jna-platform-5.12.1.jar;E:\Users\B304940\.m2\repository\de\flapdoodle\embed\de.flapdoodle.embed.mongo.packageresolver\1.0.8\de.flapdoodle.embed.mongo.packageresolver-1.0.8.jar;"/>
    <property name="sun.cpu.endian" value="little"/>
    <property name="user.home" value="E:\Users\B304940"/>
    <property name="user.language" value="es"/>
    <property name="java.specification.vendor" value="Oracle Corporation"/>
    <property name="java.version.date" value="2022-07-19"/>
    <property name="java.home" value="C:\Program Files\Java\jdk-11.0.16"/>
    <property name="file.separator" value="\"/>
    <property name="basedir" value="E:\Users\B304940\IdeaProjects\java-maven"/>
    <property name="java.vm.compressedOopsMode" value="Zero based"/>
    <property name="line.separator" value="&#10;"/>
    <property name="java.specification.name" value="Java Platform API Specification"/>
    <property name="java.vm.specification.vendor" value="Oracle Corporation"/>
    <property name="java.awt.graphicsenv" value="sun.awt.Win32GraphicsEnvironment"/>
    <property name="surefire.real.class.path" value="E:\Users\B304940\AppData\Local\Temp\surefire7705785834349173488\surefirebooter17492641618842145811.jar"/>
    <property name="user.script" value=""/>
    <property name="sun.management.compiler" value="HotSpot 64-Bit Tiered Compilers"/>
    <property name="java.runtime.version" value="11.0.16+11-LTS-199"/>
    <property name="user.name" value="B304940"/>
    <property name="path.separator" value=";"/>
    <property name="os.version" value="10.0"/>
    <property name="java.runtime.name" value="Java(TM) SE Runtime Environment"/>
    <property name="file.encoding" value="Cp1252"/>
    <property name="java.vm.name" value="Java HotSpot(TM) 64-Bit Server VM"/>
    <property name="java.vendor.version" value="18.9"/>
    <property name="localRepository" value="E:\Users\B304940\.m2\repository"/>
    <property name="java.vendor.url.bug" value="https://bugreport.java.com/bugreport/"/>
    <property name="java.io.tmpdir" value="E:\Users\B304940\AppData\Local\Temp\"/>
    <property name="java.version" value="11.0.16"/>
    <property name="user.dir" value="E:\Users\B304940\IdeaProjects\java-maven"/>
    <property name="os.arch" value="amd64"/>
    <property name="java.vm.specification.name" value="Java Virtual Machine Specification"/>
    <property name="java.awt.printerjob" value="sun.awt.windows.WPrinterJob"/>
    <property name="sun.os.patch.level" value=""/>
    <property name="java.library.path" value="C:\Program Files\Java\jdk-11.0.16\bin;C:\WINDOWS\Sun\Java\bin;C:\WINDOWS\system32;C:\WINDOWS;C:\Program Files (x86)\Common Files\Oracle\Java\javapath;C:\WINDOWS\system32;C:\WINDOWS;C:\WINDOWS\System32\Wbem;C:\WINDOWS\System32\WindowsPowerShell\v1.0\;C:\WINDOWS\System32\OpenSSH\;C:\Program Files\nodejs\;Pathbin;C:\Program Files (x86)\Java\jre1.8.0_301\bin;C:\Program Files (x86)\apache-maven-3.8.1\bin;C:\Program Files\Git\cmd;C:\Program Files\Docker\Docker\resources\bin;C:\ProgramData\DockerDesktop\version-bin;C:\Program Files\MongoDB\Server\5.0\bin;C:\Program Files\mongosh-1.5.4-win32-x64\bin;%ZOOKEEPER_HOME%bin;%KAFKA_HOME%\bin\windows;%KAFKA_HOME%\config;%KAFKA_HOME%\config\zookeeper.properties;%KAFKA_HOME%\config\server.properties;%ZOOKEEPER_HOME%\bin;E:\Users\B304940\AppData\Local\Programs\Microsoft VS Code\bin;E:\Users\B304940\AppData\Roaming\npm;C:\Program Files (x86)\apache-maven-3.8.1\bin;E:\Users\B304940\AppData\Local\Microsoft\WindowsApps;E:\Users\B304940\AppData\Local\Programs\Rancher Desktop\resources\resources\win32\bin;E:\Users\B304940\AppData\Local\Programs\Rancher Desktop\resources\resources\linux\bin;C:\Program Files\JetBrains\IntelliJ IDEA 2022.2.1\bin;;C:\Program Files\JetBrains\IntelliJ IDEA Community Edition 2021.3.3\bin;;%KAFKA_HOME%\bin\windows;;."/>
    <property name="java.vendor" value="Oracle Corporation"/>
    <property name="java.vm.info" value="mixed mode"/>
    <property name="java.vm.version" value="11.0.16+11-LTS-199"/>
    <property name="sun.io.unicode.encoding" value="UnicodeLittle"/>
    <property name="java.class.version" value="55.0"/>
  </properties>
  <testcase name="consumerFactory" classname="com.baz.wizeline.javamaven.configuration.KafkaConfigurationTest" time="0.077"/>
  <testcase name="producerFactory" classname="com.baz.wizeline.javamaven.configuration.KafkaConfigurationTest" time="0.026"/>
</testsuite>